<?xml version="1.0" encoding="UTF-8"?>
<!-- Generated by org.testng.reporters.JUnitXMLReporter -->
<testsuite ignored="0" hostname="LAPTOP-0U4NIBMT" failures="0" tests="3" name="Default test" time="41.271" errors="0" timestamp="30 Oct. 2020 15:48:59 GMT">
  <testcase classname="com.AutomationTalks.demoProject1.TestClass1" name="Test1" time="8.821"/>
  <testcase classname="com.AutomationTalks.demoProject1.TestClass1" name="Test2" time="3.944"/>
  <testcase classname="com.AutomationTalks.demoProject1.TestClass1" name="Test3" time="3.419"/>
</testsuite> <!-- Default test -->
