<?xml version="1.0" encoding="UTF-8"?>
<!-- Generated by org.testng.reporters.JUnitXMLReporter -->
<testsuite ignored="0" hostname="LAPTOP-0U4NIBMT" failures="0" tests="3" name="Default test" time="67.073" errors="0" timestamp="30 Oct. 2020 17:43:03 GMT">
  <testcase classname="com.AutomationTalks.demoProject1.TestClass1" name="Test1" time="7.78"/>
  <testcase classname="com.AutomationTalks.demoProject1.TestClass1" name="Test2" time="8.487"/>
  <testcase classname="com.AutomationTalks.demoProject1.TestClass1" name="Test3" time="4.673"/>
</testsuite> <!-- Default test -->
