<?xml version="1.0" encoding="UTF-8"?>
<!-- Generated by org.testng.reporters.JUnitXMLReporter -->
<testsuite ignored="0" hostname="LAPTOP-0U4NIBMT" failures="0" tests="3" name="Test" time="31.562" errors="0" timestamp="26 Oct. 2020 18:02:00 GMT">
  <testcase classname="com.AutomationTalks.demoProject1.TestClass1" name="Test1" time="3.378"/>
  <testcase classname="com.AutomationTalks.demoProject1.TestClass1" name="Test2" time="5.127"/>
  <testcase classname="com.AutomationTalks.demoProject1.TestClass1" name="Test3" time="2.914"/>
</testsuite> <!-- Test -->
