<?xml version="1.0" encoding="UTF-8"?>
<!-- Generated by org.testng.reporters.JUnitXMLReporter -->
<testsuite ignored="0" hostname="LAPTOP-0U4NIBMT" failures="0" tests="3" name="Test" time="30.066" errors="0" timestamp="26 Oct. 2020 18:05:17 GMT">
  <testcase classname="com.AutomationTalks.demoProject1.TestClass1" name="Test1" time="4.031"/>
  <testcase classname="com.AutomationTalks.demoProject1.TestClass1" name="Test2" time="3.414"/>
  <testcase classname="com.AutomationTalks.demoProject1.TestClass1" name="Test3" time="3.686"/>
</testsuite> <!-- Test -->
