<?xml version="1.0" encoding="UTF-8"?>
<testng-results ignored="0" total="3" passed="3" failed="0" skipped="0">
  <reporter-output>
  </reporter-output>
  <suite started-at="2020-10-26T18:01:29Z" name="Suite" finished-at="2020-10-26T18:02:00Z" duration-ms="31562">
    <groups>
    </groups>
    <test started-at="2020-10-26T18:01:29Z" name="Test" finished-at="2020-10-26T18:02:00Z" duration-ms="31562">
      <class name="com.AutomationTalks.demoProject1.TestClass1">
        <test-method is-config="true" signature="launchDriver()[pri:0, instance:com.AutomationTalks.demoProject1.TestClass1@df6620a]" started-at="2020-10-26T14:01:29Z" name="launchDriver" finished-at="2020-10-26T14:01:34Z" duration-ms="5856" status="PASS">
          <reporter-output>
          </reporter-output>
        </test-method> <!-- launchDriver -->
        <test-method signature="Test1()[pri:0, instance:com.AutomationTalks.demoProject1.TestClass1@df6620a]" started-at="2020-10-26T14:01:34Z" name="Test1" finished-at="2020-10-26T14:01:38Z" duration-ms="3378" status="PASS">
          <reporter-output>
          </reporter-output>
        </test-method> <!-- Test1 -->
        <test-method is-config="true" signature="quit()[pri:0, instance:com.AutomationTalks.demoProject1.TestClass1@df6620a]" started-at="2020-10-26T14:01:38Z" name="quit" finished-at="2020-10-26T14:01:39Z" duration-ms="1528" status="PASS">
          <reporter-output>
          </reporter-output>
        </test-method> <!-- quit -->
        <test-method is-config="true" signature="launchDriver()[pri:0, instance:com.AutomationTalks.demoProject1.TestClass1@df6620a]" started-at="2020-10-26T14:01:39Z" name="launchDriver" finished-at="2020-10-26T14:01:45Z" duration-ms="5318" status="PASS">
          <reporter-output>
          </reporter-output>
        </test-method> <!-- launchDriver -->
        <test-method signature="Test2()[pri:0, instance:com.AutomationTalks.demoProject1.TestClass1@df6620a]" started-at="2020-10-26T14:01:45Z" name="Test2" finished-at="2020-10-26T14:01:50Z" duration-ms="5127" status="PASS">
          <reporter-output>
          </reporter-output>
        </test-method> <!-- Test2 -->
        <test-method is-config="true" signature="quit()[pri:0, instance:com.AutomationTalks.demoProject1.TestClass1@df6620a]" started-at="2020-10-26T14:01:50Z" name="quit" finished-at="2020-10-26T14:01:51Z" duration-ms="1147" status="PASS">
          <reporter-output>
          </reporter-output>
        </test-method> <!-- quit -->
        <test-method is-config="true" signature="launchDriver()[pri:0, instance:com.AutomationTalks.demoProject1.TestClass1@df6620a]" started-at="2020-10-26T14:01:51Z" name="launchDriver" finished-at="2020-10-26T14:01:57Z" duration-ms="5600" status="PASS">
          <reporter-output>
          </reporter-output>
        </test-method> <!-- launchDriver -->
        <test-method signature="Test3()[pri:0, instance:com.AutomationTalks.demoProject1.TestClass1@df6620a]" started-at="2020-10-26T14:01:57Z" name="Test3" finished-at="2020-10-26T14:02:00Z" duration-ms="2914" status="PASS">
          <reporter-output>
          </reporter-output>
        </test-method> <!-- Test3 -->
        <test-method is-config="true" signature="quit()[pri:0, instance:com.AutomationTalks.demoProject1.TestClass1@df6620a]" started-at="2020-10-26T14:02:00Z" name="quit" finished-at="2020-10-26T14:02:00Z" duration-ms="674" status="PASS">
          <reporter-output>
          </reporter-output>
        </test-method> <!-- quit -->
      </class> <!-- com.AutomationTalks.demoProject1.TestClass1 -->
    </test> <!-- Test -->
  </suite> <!-- Suite -->
</testng-results>
